<?xml version="1.0" encoding="UTF-8"?>
<testng-results ignored="0" total="3" passed="2" failed="1" skipped="0">
  <reporter-output>
  </reporter-output>
  <suite started-at="2023-07-12T22:39:16 IST" name="Suite" finished-at="2023-07-12T22:41:03 IST" duration-ms="106968">
    <groups>
    </groups>
    <test started-at="2023-07-12T22:39:16 IST" name="Test1" finished-at="2023-07-12T22:39:41 IST" duration-ms="25015">
      <class name="testsuites.TestCase_CreateIndividualsErrorValidation">
        <test-method is-config="true" signature="browseropening(java.lang.String)[pri:0, instance:testsuites.TestCase_CreateIndividualsErrorValidation@62ddbd7e]" started-at="2023-07-12T22:39:16 IST" name="browseropening" finished-at="2023-07-12T22:39:25 IST" duration-ms="9296" status="PASS">
          <params>
            <param index="0">
              <value>
                <![CDATA[chrome]]>
              </value>
            </param>
          </params>
          <reporter-output>
          </reporter-output>
        </test-method> <!-- browseropening -->
        <test-method is-config="true" signature="loginCredentials()[pri:0, instance:testsuites.TestCase_CreateIndividualsErrorValidation@62ddbd7e]" started-at="2023-07-12T22:39:25 IST" name="loginCredentials" finished-at="2023-07-12T22:39:32 IST" duration-ms="7085" status="PASS">
          <reporter-output>
          </reporter-output>
        </test-method> <!-- loginCredentials -->
        <test-method signature="CreateIndividualsErrorValidationMethod()[pri:0, instance:testsuites.TestCase_CreateIndividualsErrorValidation@62ddbd7e]" started-at="2023-07-12T22:39:32 IST" name="CreateIndividualsErrorValidationMethod" finished-at="2023-07-12T22:39:40 IST" duration-ms="8212" status="PASS">
          <reporter-output>
          </reporter-output>
        </test-method> <!-- CreateIndividualsErrorValidationMethod -->
        <test-method is-config="true" signature="teardown()[pri:0, instance:testsuites.TestCase_CreateIndividualsErrorValidation@62ddbd7e]" started-at="2023-07-12T22:39:40 IST" name="teardown" finished-at="2023-07-12T22:39:41 IST" duration-ms="203" status="PASS">
          <reporter-output>
          </reporter-output>
        </test-method> <!-- teardown -->
        <test-method is-config="true" signature="failurescreenshot(org.testng.ITestResult)[pri:0, instance:testsuites.TestCase_CreateIndividualsErrorValidation@62ddbd7e]" started-at="2023-07-12T22:39:40 IST" name="failurescreenshot" finished-at="2023-07-12T22:39:40 IST" duration-ms="0" status="PASS">
          <params>
            <param index="0">
              <value>
                <![CDATA[[TestResult name=CreateIndividualsErrorValidationMethod status=SUCCESS method=TestCase_CreateIndividualsErrorValidation.CreateIndividualsErrorValidationMethod()[pri:0, instance:testsuites.TestCase_CreateIndividualsErrorValidation@62ddbd7e] output={null}]]]>
              </value>
            </param>
          </params>
          <reporter-output>
          </reporter-output>
        </test-method> <!-- failurescreenshot -->
      </class> <!-- testsuites.TestCase_CreateIndividualsErrorValidation -->
    </test> <!-- Test1 -->
    <test started-at="2023-07-12T22:39:41 IST" name="Test2" finished-at="2023-07-12T22:40:04 IST" duration-ms="23105">
      <class name="testsuites.Testcase_OpportunityErrorValidationChain">
        <test-method is-config="true" signature="browseropening(java.lang.String)[pri:0, instance:testsuites.Testcase_OpportunityErrorValidationChain@6200f9cb]" started-at="2023-07-12T22:39:41 IST" name="browseropening" finished-at="2023-07-12T22:39:46 IST" duration-ms="5118" status="PASS">
          <params>
            <param index="0">
              <value>
                <![CDATA[chrome]]>
              </value>
            </param>
          </params>
          <reporter-output>
          </reporter-output>
        </test-method> <!-- browseropening -->
        <test-method is-config="true" signature="loginCredentials()[pri:0, instance:testsuites.Testcase_OpportunityErrorValidationChain@6200f9cb]" started-at="2023-07-12T22:39:46 IST" name="loginCredentials" finished-at="2023-07-12T22:39:55 IST" duration-ms="8619" status="PASS">
          <reporter-output>
          </reporter-output>
        </test-method> <!-- loginCredentials -->
        <test-method signature="OpportunityErrorValidationMethod()[pri:0, instance:testsuites.Testcase_OpportunityErrorValidationChain@6200f9cb]" started-at="2023-07-12T22:39:55 IST" name="OpportunityErrorValidationMethod" finished-at="2023-07-12T22:40:04 IST" duration-ms="9167" status="PASS">
          <reporter-output>
          </reporter-output>
        </test-method> <!-- OpportunityErrorValidationMethod -->
        <test-method is-config="true" signature="failurescreenshot(org.testng.ITestResult)[pri:0, instance:testsuites.Testcase_OpportunityErrorValidationChain@6200f9cb]" started-at="2023-07-12T22:40:04 IST" name="failurescreenshot" finished-at="2023-07-12T22:40:04 IST" duration-ms="0" status="PASS">
          <params>
            <param index="0">
              <value>
                <![CDATA[[TestResult name=OpportunityErrorValidationMethod status=SUCCESS method=Testcase_OpportunityErrorValidationChain.OpportunityErrorValidationMethod()[pri:0, instance:testsuites.Testcase_OpportunityErrorValidationChain@6200f9cb] output={null}]]]>
              </value>
            </param>
          </params>
          <reporter-output>
          </reporter-output>
        </test-method> <!-- failurescreenshot -->
        <test-method is-config="true" signature="teardown()[pri:0, instance:testsuites.Testcase_OpportunityErrorValidationChain@6200f9cb]" started-at="2023-07-12T22:40:04 IST" name="teardown" finished-at="2023-07-12T22:40:04 IST" duration-ms="184" status="PASS">
          <reporter-output>
          </reporter-output>
        </test-method> <!-- teardown -->
      </class> <!-- testsuites.Testcase_OpportunityErrorValidationChain -->
    </test> <!-- Test2 -->
    <test started-at="2023-07-12T22:40:04 IST" name="Test3" finished-at="2023-07-12T22:41:03 IST" duration-ms="58200">
      <class name="testsuites.Testcase_Worktype">
        <test-method is-config="true" signature="browseropening(java.lang.String)[pri:0, instance:testsuites.Testcase_Worktype@ae13544]" started-at="2023-07-12T22:40:04 IST" name="browseropening" finished-at="2023-07-12T22:40:07 IST" duration-ms="2767" status="PASS">
          <params>
            <param index="0">
              <value>
                <![CDATA[chrome]]>
              </value>
            </param>
          </params>
          <reporter-output>
          </reporter-output>
        </test-method> <!-- browseropening -->
        <test-method is-config="true" signature="loginCredentials()[pri:0, instance:testsuites.Testcase_Worktype@ae13544]" started-at="2023-07-12T22:40:07 IST" name="loginCredentials" finished-at="2023-07-12T22:40:14 IST" duration-ms="6716" status="PASS">
          <reporter-output>
          </reporter-output>
        </test-method> <!-- loginCredentials -->
        <test-method signature="workTypeMethod()[pri:0, instance:testsuites.Testcase_Worktype@ae13544]" started-at="2023-07-12T22:40:14 IST" name="workTypeMethod" finished-at="2023-07-12T22:41:02 IST" duration-ms="48239" status="FAIL">
          <exception class="org.openqa.selenium.NoSuchElementException">
            <message>
              <![CDATA[no such element: Unable to locate element: {"method":"xpath","selector":"//span[@data-aura-class="forceActionsText"]"}
  (Session info: chrome=114.0.5735.199)
For documentation on this error, please visit: https://selenium.dev/exceptions/#no_such_element
Build info: version: '4.7.2', revision: '4d4020c3b7'
System info: os.name: 'Windows 11', os.arch: 'amd64', os.version: '10.0', java.version: '17.0.6'
Driver info: org.openqa.selenium.chrome.ChromeDriver
Command: [05057760f65b625af5fef8df2ef61ee1, findElement {using=xpath, value=//span[@data-aura-class="forceActionsText"]}]
Capabilities {acceptInsecureCerts: false, browserName: chrome, browserVersion: 114.0.5735.199, chrome: {chromedriverVersion: 114.0.5735.90 (386bc09e8f4f..., userDataDir: C:\Users\ILANGO~1\AppData\L...}, goog:chromeOptions: {debuggerAddress: localhost:64264}, networkConnectionEnabled: false, pageLoadStrategy: normal, platformName: WINDOWS, proxy: Proxy(), se:cdp: ws://localhost:64264/devtoo..., se:cdpVersion: 114.0.5735.199, setWindowRect: true, strictFileInteractability: false, timeouts: {implicit: 0, pageLoad: 300000, script: 30000}, unhandledPromptBehavior: dismiss and notify, webauthn:extension:credBlob: true, webauthn:extension:largeBlob: true, webauthn:extension:minPinLength: true, webauthn:extension:prf: true, webauthn:virtualAuthenticators: true}
Session ID: 05057760f65b625af5fef8df2ef61ee1]]>
            </message>
            <full-stacktrace>
              <![CDATA[org.openqa.selenium.NoSuchElementException: no such element: Unable to locate element: {"method":"xpath","selector":"//span[@data-aura-class="forceActionsText"]"}
  (Session info: chrome=114.0.5735.199)
For documentation on this error, please visit: https://selenium.dev/exceptions/#no_such_element
Build info: version: '4.7.2', revision: '4d4020c3b7'
System info: os.name: 'Windows 11', os.arch: 'amd64', os.version: '10.0', java.version: '17.0.6'
Driver info: org.openqa.selenium.chrome.ChromeDriver
Command: [05057760f65b625af5fef8df2ef61ee1, findElement {using=xpath, value=//span[@data-aura-class="forceActionsText"]}]
Capabilities {acceptInsecureCerts: false, browserName: chrome, browserVersion: 114.0.5735.199, chrome: {chromedriverVersion: 114.0.5735.90 (386bc09e8f4f..., userDataDir: C:\Users\ILANGO~1\AppData\L...}, goog:chromeOptions: {debuggerAddress: localhost:64264}, networkConnectionEnabled: false, pageLoadStrategy: normal, platformName: WINDOWS, proxy: Proxy(), se:cdp: ws://localhost:64264/devtoo..., se:cdpVersion: 114.0.5735.199, setWindowRect: true, strictFileInteractability: false, timeouts: {implicit: 0, pageLoad: 300000, script: 30000}, unhandledPromptBehavior: dismiss and notify, webauthn:extension:credBlob: true, webauthn:extension:largeBlob: true, webauthn:extension:minPinLength: true, webauthn:extension:prf: true, webauthn:virtualAuthenticators: true}
Session ID: 05057760f65b625af5fef8df2ef61ee1
at java.base/jdk.internal.reflect.NativeConstructorAccessorImpl.newInstance0(Native Method)
at java.base/jdk.internal.reflect.NativeConstructorAccessorImpl.newInstance(NativeConstructorAccessorImpl.java:77)
at java.base/jdk.internal.reflect.DelegatingConstructorAccessorImpl.newInstance(DelegatingConstructorAccessorImpl.java:45)
at java.base/java.lang.reflect.Constructor.newInstanceWithCaller(Constructor.java:499)
at java.base/java.lang.reflect.Constructor.newInstance(Constructor.java:480)
at org.openqa.selenium.remote.codec.w3c.W3CHttpResponseCodec.createException(W3CHttpResponseCodec.java:200)
at org.openqa.selenium.remote.codec.w3c.W3CHttpResponseCodec.decode(W3CHttpResponseCodec.java:133)
at org.openqa.selenium.remote.codec.w3c.W3CHttpResponseCodec.decode(W3CHttpResponseCodec.java:53)
at org.openqa.selenium.remote.HttpCommandExecutor.execute(HttpCommandExecutor.java:184)
at org.openqa.selenium.remote.service.DriverCommandExecutor.invokeExecute(DriverCommandExecutor.java:167)
at org.openqa.selenium.remote.service.DriverCommandExecutor.execute(DriverCommandExecutor.java:142)
at org.openqa.selenium.remote.RemoteWebDriver.execute(RemoteWebDriver.java:535)
at org.openqa.selenium.remote.ElementLocation$ElementFinder$2.findElement(ElementLocation.java:162)
at org.openqa.selenium.remote.ElementLocation.findElement(ElementLocation.java:60)
at org.openqa.selenium.remote.RemoteWebDriver.findElement(RemoteWebDriver.java:351)
at org.openqa.selenium.remote.RemoteWebDriver.findElement(RemoteWebDriver.java:343)
at chainpageobjects.WorkTypechain.getcreatedmessage(WorkTypechain.java:95)
at testsuites.Testcase_Worktype.workTypeMethod(Testcase_Worktype.java:33)
at java.base/jdk.internal.reflect.NativeMethodAccessorImpl.invoke0(Native Method)
at java.base/jdk.internal.reflect.NativeMethodAccessorImpl.invoke(NativeMethodAccessorImpl.java:77)
at java.base/jdk.internal.reflect.DelegatingMethodAccessorImpl.invoke(DelegatingMethodAccessorImpl.java:43)
at java.base/java.lang.reflect.Method.invoke(Method.java:568)
at org.testng.internal.invokers.MethodInvocationHelper.invokeMethod(MethodInvocationHelper.java:139)
at org.testng.internal.invokers.TestInvoker.invokeMethod(TestInvoker.java:664)
at org.testng.internal.invokers.TestInvoker.invokeTestMethod(TestInvoker.java:227)
at org.testng.internal.invokers.MethodRunner.runInSequence(MethodRunner.java:50)
at org.testng.internal.invokers.TestInvoker$MethodInvocationAgent.invoke(TestInvoker.java:957)
at org.testng.internal.invokers.TestInvoker.invokeTestMethods(TestInvoker.java:200)
at org.testng.internal.invokers.TestMethodWorker.invokeTestMethods(TestMethodWorker.java:148)
at org.testng.internal.invokers.TestMethodWorker.run(TestMethodWorker.java:128)
at java.base/java.util.ArrayList.forEach(ArrayList.java:1511)
at org.testng.TestRunner.privateRun(TestRunner.java:848)
at org.testng.TestRunner.run(TestRunner.java:621)
at org.testng.SuiteRunner.runTest(SuiteRunner.java:443)
at org.testng.SuiteRunner$SuiteWorker.run(SuiteRunner.java:481)
at org.testng.internal.thread.ThreadUtil.lambda$execute$0(ThreadUtil.java:58)
at java.base/java.util.concurrent.FutureTask.run(FutureTask.java:264)
at java.base/java.util.concurrent.ThreadPoolExecutor.runWorker(ThreadPoolExecutor.java:1136)
at java.base/java.util.concurrent.ThreadPoolExecutor$Worker.run(ThreadPoolExecutor.java:635)
at java.base/java.lang.Thread.run(Thread.java:833)
]]>
            </full-stacktrace>
          </exception> <!-- org.openqa.selenium.NoSuchElementException -->
          <reporter-output>
          </reporter-output>
        </test-method> <!-- workTypeMethod -->
        <test-method is-config="true" signature="failurescreenshot(org.testng.ITestResult)[pri:0, instance:testsuites.Testcase_Worktype@ae13544]" started-at="2023-07-12T22:41:02 IST" name="failurescreenshot" finished-at="2023-07-12T22:41:02 IST" duration-ms="226" status="PASS">
          <params>
            <param index="0">
              <value>
                <![CDATA[[TestResult name=workTypeMethod status=FAILURE method=Testcase_Worktype.workTypeMethod()[pri:0, instance:testsuites.Testcase_Worktype@ae13544] output={null}]]]>
              </value>
            </param>
          </params>
          <reporter-output>
          </reporter-output>
        </test-method> <!-- failurescreenshot -->
        <test-method is-config="true" signature="teardown()[pri:0, instance:testsuites.Testcase_Worktype@ae13544]" started-at="2023-07-12T22:41:02 IST" name="teardown" finished-at="2023-07-12T22:41:03 IST" duration-ms="238" status="PASS">
          <reporter-output>
          </reporter-output>
        </test-method> <!-- teardown -->
      </class> <!-- testsuites.Testcase_Worktype -->
    </test> <!-- Test3 -->
  </suite> <!-- Suite -->
</testng-results>
